<?xml version="1.0" encoding="UTF-8"?>
<testsuite name="main.fseRESTApi.FseRestApiApplicationTests" tests="1" skipped="0" failures="0" errors="0" timestamp="2024-11-25T15:16:24" hostname="yorry.fritz.box" time="0.354">
  <properties/>
  <testcase name="contextLoads()" classname="main.fseRESTApi.FseRestApiApplicationTests" time="0.354"/>
  <system-out><![CDATA[16:16:24.152 [Test worker] INFO org.springframework.test.context.support.AnnotationConfigContextLoaderUtils -- Could not detect default configuration classes for test class [main.fseRESTApi.FseRestApiApplicationTests]: FseRestApiApplicationTests does not declare any static, non-private, non-final, nested classes annotated with @Configuration.
16:16:24.186 [Test worker] INFO org.springframework.boot.test.context.SpringBootTestContextBootstrapper -- Found @SpringBootConfiguration main.fseRESTApi.FseRestApiApplication for test class main.fseRESTApi.FseRestApiApplicationTests

  .   ____          _            __ _ _
 /\\ / ___'_ __ _ _(_)_ __  __ _ \ \ \ \
( ( )\___ | '_ | '_| | '_ \/ _` | \ \ \ \
 \\/  ___)| |_)| | | | | || (_| |  ) ) ) )
  '  |____| .__|_| |_|_| |_\__, | / / / /
 =========|_|==============|___/=/_/_/_/

 :: Spring Boot ::                (v3.4.0)

2024-11-25T16:16:24.306+01:00  INFO 13512 --- [fseRESTApi] [    Test worker] m.fseRESTApi.FseRestApiApplicationTests  : Starting FseRestApiApplicationTests using Java 23 with PID 13512 (started by timfuchs in /Users/timfuchs/Documents/GitHub/fseRESTApi)
2024-11-25T16:16:24.306+01:00  INFO 13512 --- [fseRESTApi] [    Test worker] m.fseRESTApi.FseRestApiApplicationTests  : No active profile set, falling back to 1 default profile: "default"
2024-11-25T16:16:24.624+01:00  INFO 13512 --- [fseRESTApi] [    Test worker] m.fseRESTApi.FseRestApiApplicationTests  : Started FseRestApiApplicationTests in 0.394 seconds (process running for 0.767)
]]></system-out>
  <system-err><![CDATA[Mockito is currently self-attaching to enable the inline-mock-maker. This will no longer work in future releases of the JDK. Please add Mockito as an agent to your build what is described in Mockito's documentation: https://javadoc.io/doc/org.mockito/mockito-core/latest/org/mockito/Mockito.html#0.3
WARNING: A Java agent has been loaded dynamically (/Users/timfuchs/.gradle/caches/modules-2/files-2.1/net.bytebuddy/byte-buddy-agent/1.15.10/e8eb255b2c378b9a6c7341e7b0e12f0a5636377/byte-buddy-agent-1.15.10.jar)
WARNING: If a serviceability tool is in use, please run with -XX:+EnableDynamicAgentLoading to hide this warning
WARNING: If a serviceability tool is not in use, please run with -Djdk.instrument.traceUsage for more information
WARNING: Dynamic loading of agents will be disallowed by default in a future release
]]></system-err>
</testsuite>
